<!DOCTYPE html PUBLIC "-//W3C//DTD XHTML 1.1//EN" "http://www.w3.org/TR/xhtml11/DTD/xhtml11.dtd">
<html xmlns="http://www.w3.org/1999/xhtml"><head><title>TestNG Report</title><style type="text/css">table {margin-bottom:10px;border-collapse:collapse;empty-cells:show}th,td {border:1px solid #009;padding:.25em .5em}th {vertical-align:bottom}td {vertical-align:top}table a {font-weight:bold}.stripe td {background-color: #E6EBF9}.num {text-align:right}.passedodd td {background-color: #3F3}.passedeven td {background-color: #0A0}.skippedodd td {background-color: #DDD}.skippedeven td {background-color: #CCC}.failedodd td,.attn {background-color: #F33}.failedeven td,.stripe .attn {background-color: #D00}.stacktrace {white-space:pre;font-family:monospace}.totop {font-size:85%;text-align:center;border-bottom:2px solid #000}</style></head><body><table><tr><th>Test</th><th># Passed</th><th># Skipped</th><th># Failed</th><th>Time (ms)</th><th>Included Groups</th><th>Excluded Groups</th></tr><tr><th colspan="7">suite1</th></tr><tr><td><a href="#t0">testproject/TestCase01.xml</a></td><td class="num">0</td><td class="num">0</td><td class="num attn">1</td><td class="num">28,485</td><td></td><td></td></tr></table><table><thead><tr><th>Class</th><th>Method</th><th>Start</th><th>Time (ms)</th></tr></thead><tbody><tr><th colspan="4">suite1</th></tr></tbody><tbody id="t0"><tr><th colspan="4">testproject/TestCase01.xml &#8212; failed</th></tr><tr class="failedeven"><td rowspan="1">org.bigtester.ate.model.project.CaseRunner</td><td><a href="#m0">runTest</a></td><td rowspan="1">1417576094619</td><td rowspan="1">28454</td></tr></tbody></table><h2>testproject/TestCase01.xml</h2><h3 id="m0">org.bigtester.ate.model.project.CaseRunner#runTest</h3><table class="result"><tr class="param"><th>Parameter #1</th></tr><tr class="param stripe"><td>org.bigtester.ate.model.data.TestParameters@586c2d62</td></tr><tr><th>Exception</th></tr><tr><td><div class="stacktrace">org.bigtester.ate.model.page.exception.StepExecutionException2: Web Element not Found. ==&gt; Unable to locate element: {&quot;method&quot;:&quot;id&quot;,&quot;selector&quot;:&quot;modlgn_username&quot;}
Command duration or timeout: 2.49 seconds
For documentation on this error, please visit: http://seleniumhq.org/exceptions/no_such_element.html
Build info: version: &apos;2.43.1&apos;, revision: &apos;5163bceef1bc36d43f3dc0b83c88998168a363a0&apos;, time: &apos;2014-09-10 09:43:55&apos;
System info: host: &apos;ubuntu_file&apos;, ip: &apos;127.0.1.1&apos;, os.name: &apos;Linux&apos;, os.arch: &apos;amd64&apos;, os.version: &apos;3.13.0-39-generic&apos;, java.version: &apos;1.7.0_65&apos;
Session ID: 648f0d10-bc9b-4089-b115-03473d8fee99
Driver info: org.openqa.selenium.firefox.FirefoxDriver
Capabilities [{platform=LINUX, databaseEnabled=true, cssSelectorsEnabled=true, javascriptEnabled=true, acceptSslCerts=true, handlesAlerts=true, browserName=firefox, webStorageEnabled=true, nativeEvents=false, rotatable=false, locationContextEnabled=true, applicationCacheEnabled=true, takesScreenshot=true, version=33.0}]
	at org.bigtester.ate.model.casestep.ElementTestStep.doStep(ElementTestStep.java:71)
	at org.springframework.aop.support.AopUtils.invokeJoinpointUsingReflection(AopUtils.java:317)
	at org.springframework.aop.framework.ReflectiveMethodInvocation.invokeJoinpoint(ReflectiveMethodInvocation.java:190)
	at org.springframework.aop.framework.ReflectiveMethodInvocation.proceed(ReflectiveMethodInvocation.java:157)
	at org.springframework.aop.framework.adapter.MethodBeforeAdviceInterceptor.invoke(MethodBeforeAdviceInterceptor.java:52)
	at org.springframework.aop.framework.ReflectiveMethodInvocation.proceed(ReflectiveMethodInvocation.java:168)
	at org.springframework.aop.aspectj.AspectJAfterAdvice.invoke(AspectJAfterAdvice.java:43)
	at org.springframework.aop.framework.ReflectiveMethodInvocation.proceed(ReflectiveMethodInvocation.java:168)
	at org.springframework.aop.aspectj.AspectJAfterAdvice.invoke(AspectJAfterAdvice.java:43)
	at org.springframework.aop.framework.ReflectiveMethodInvocation.proceed(ReflectiveMethodInvocation.java:168)
	at org.springframework.aop.aspectj.AspectJAfterThrowingAdvice.invoke(AspectJAfterThrowingAdvice.java:58)
	at org.springframework.aop.framework.ReflectiveMethodInvocation.proceed(ReflectiveMethodInvocation.java:179)
	at org.springframework.aop.aspectj.AspectJAfterThrowingAdvice.invoke(AspectJAfterThrowingAdvice.java:58)
	at org.springframework.aop.framework.ReflectiveMethodInvocation.proceed(ReflectiveMethodInvocation.java:179)
	at org.springframework.aop.interceptor.ExposeInvocationInterceptor.invoke(ExposeInvocationInterceptor.java:92)
	at org.springframework.aop.framework.ReflectiveMethodInvocation.proceed(ReflectiveMethodInvocation.java:179)
	at org.springframework.aop.framework.JdkDynamicAopProxy.invoke(JdkDynamicAopProxy.java:207)
	at com.sun.proxy.$Proxy37.doStep(Unknown Source)
	at org.bigtester.ate.model.casestep.TestCase.goSteps(TestCase.java:79)
	at org.bigtester.ate.model.casestep.TestCase$$FastClassBySpringCGLIB$$ba26a09a.invoke(&lt;generated&gt;)
	at org.springframework.cglib.proxy.MethodProxy.invoke(MethodProxy.java:204)
	at org.springframework.aop.framework.CglibAopProxy$CglibMethodInvocation.invokeJoinpoint(CglibAopProxy.java:708)
	at org.springframework.aop.framework.ReflectiveMethodInvocation.proceed(ReflectiveMethodInvocation.java:157)
	at org.springframework.aop.aspectj.AspectJAfterThrowingAdvice.invoke(AspectJAfterThrowingAdvice.java:58)
	at org.springframework.aop.framework.ReflectiveMethodInvocation.proceed(ReflectiveMethodInvocation.java:179)
	at org.springframework.aop.aspectj.AspectJAfterThrowingAdvice.invoke(AspectJAfterThrowingAdvice.java:58)
	at org.springframework.aop.framework.ReflectiveMethodInvocation.proceed(ReflectiveMethodInvocation.java:179)
	at org.springframework.aop.interceptor.ExposeInvocationInterceptor.invoke(ExposeInvocationInterceptor.java:92)
	at org.springframework.aop.framework.ReflectiveMethodInvocation.proceed(ReflectiveMethodInvocation.java:179)
	at org.springframework.aop.framework.CglibAopProxy$DynamicAdvisedInterceptor.intercept(CglibAopProxy.java:644)
	at org.bigtester.ate.model.casestep.TestCase$$EnhancerBySpringCGLIB$$83123258.goSteps(&lt;generated&gt;)
	at org.bigtester.ate.model.project.CaseRunner.runTest(CaseRunner.java:156)
	at org.bigtester.ate.model.project.TestProject.runSuites(TestProject.java:105)
	at org.bigtester.ate.model.project.TestProject$$FastClassBySpringCGLIB$$3ab73f18.invoke(&lt;generated&gt;)
	at org.springframework.cglib.proxy.MethodProxy.invoke(MethodProxy.java:204)
	at org.springframework.aop.framework.CglibAopProxy$CglibMethodInvocation.invokeJoinpoint(CglibAopProxy.java:708)
	at org.springframework.aop.framework.ReflectiveMethodInvocation.proceed(ReflectiveMethodInvocation.java:157)
	at org.springframework.aop.aspectj.AspectJAfterThrowingAdvice.invoke(AspectJAfterThrowingAdvice.java:58)
	at org.springframework.aop.framework.ReflectiveMethodInvocation.proceed(ReflectiveMethodInvocation.java:179)
	at org.springframework.aop.interceptor.ExposeInvocationInterceptor.invoke(ExposeInvocationInterceptor.java:92)
	at org.springframework.aop.framework.ReflectiveMethodInvocation.proceed(ReflectiveMethodInvocation.java:179)
	at org.springframework.aop.framework.CglibAopProxy$DynamicAdvisedInterceptor.intercept(CglibAopProxy.java:644)
	at org.bigtester.ate.model.project.TestProject$$EnhancerBySpringCGLIB$$c4889cb2.runSuites(&lt;generated&gt;)
	at org.bigtester.ate.TestProjectRunner.runTest(TestProjectRunner.java:75)
	at org.bigtester.ate.TestProjectRunner.runTest(TestProjectRunner.java:100)
	at org.bigtester.ate.core.sample.simplemaven.App.main(App.java:17)
	Suppressed: java.lang.Exception: Error Already Test Case Level Pointcut.
		at org.bigtester.ate.systemlogger.GenericTestCaseLogger.setAlreadyCasePointCut(GenericTestCaseLogger.java:79)
		at org.bigtester.ate.systemlogger.GenericTestCaseLogger.afterThrowingAdvice(GenericTestCaseLogger.java:109)
		at org.springframework.aop.aspectj.AbstractAspectJAdvice.invokeAdviceMethodWithGivenArgs(AbstractAspectJAdvice.java:621)
		at org.springframework.aop.aspectj.AbstractAspectJAdvice.invokeAdviceMethod(AbstractAspectJAdvice.java:603)
		at org.springframework.aop.aspectj.AspectJAfterThrowingAdvice.invoke(AspectJAfterThrowingAdvice.java:62)
		... 56 more
	Suppressed: java.lang.Exception: Error Already System Level Pointcut.
		at org.bigtester.ate.systemlogger.GenericSystemLogger.setAlreadySysPointCut(GenericSystemLogger.java:64)
		at org.bigtester.ate.systemlogger.GenericSystemLogger.afterThrowingAdvice(GenericSystemLogger.java:78)
		at org.springframework.aop.aspectj.AbstractAspectJAdvice.invokeAdviceMethodWithGivenArgs(AbstractAspectJAdvice.java:621)
		at org.springframework.aop.aspectj.AbstractAspectJAdvice.invokeAdviceMethod(AbstractAspectJAdvice.java:603)
		at org.springframework.aop.aspectj.AspectJAfterThrowingAdvice.invoke(AspectJAfterThrowingAdvice.java:62)
		... 54 more
Caused by: org.openqa.selenium.NoSuchElementException: Unable to locate element: {&quot;method&quot;:&quot;id&quot;,&quot;selector&quot;:&quot;modlgn_username&quot;}
Command duration or timeout: 2.49 seconds
For documentation on this error, please visit: http://seleniumhq.org/exceptions/no_such_element.html
Build info: version: &apos;2.43.1&apos;, revision: &apos;5163bceef1bc36d43f3dc0b83c88998168a363a0&apos;, time: &apos;2014-09-10 09:43:55&apos;
System info: host: &apos;ubuntu_file&apos;, ip: &apos;127.0.1.1&apos;, os.name: &apos;Linux&apos;, os.arch: &apos;amd64&apos;, os.version: &apos;3.13.0-39-generic&apos;, java.version: &apos;1.7.0_65&apos;
Session ID: 648f0d10-bc9b-4089-b115-03473d8fee99
Driver info: org.openqa.selenium.firefox.FirefoxDriver
Capabilities [{platform=LINUX, databaseEnabled=true, cssSelectorsEnabled=true, javascriptEnabled=true, acceptSslCerts=true, handlesAlerts=true, browserName=firefox, webStorageEnabled=true, nativeEvents=false, rotatable=false, locationContextEnabled=true, applicationCacheEnabled=true, takesScreenshot=true, version=33.0}]
	at org.openqa.selenium.remote.ErrorHandler.createThrowable(ErrorHandler.java:204)
	at org.openqa.selenium.remote.ErrorHandler.throwIfResponseFailed(ErrorHandler.java:156)
	at org.openqa.selenium.remote.RemoteWebDriver.execute(RemoteWebDriver.java:599)
	at org.openqa.selenium.remote.RemoteWebDriver.findElement(RemoteWebDriver.java:352)
	at org.openqa.selenium.remote.RemoteWebDriver.findElementById(RemoteWebDriver.java:393)
	at org.openqa.selenium.By$ById.findElement(By.java:214)
	at org.openqa.selenium.remote.RemoteWebDriver.findElement(RemoteWebDriver.java:344)
	at org.bigtester.ate.model.page.elementfind.ElementFindById.doFind(ElementFindById.java:41)
	at org.springframework.aop.support.AopUtils.invokeJoinpointUsingReflection(AopUtils.java:317)
	at org.springframework.aop.framework.ReflectiveMethodInvocation.invokeJoinpoint(ReflectiveMethodInvocation.java:190)
	at org.springframework.aop.framework.ReflectiveMethodInvocation.proceed(ReflectiveMethodInvocation.java:157)
	at org.springframework.aop.aspectj.AspectJAfterThrowingAdvice.invoke(AspectJAfterThrowingAdvice.java:58)
	at org.springframework.aop.framework.ReflectiveMethodInvocation.proceed(ReflectiveMethodInvocation.java:179)
	at org.springframework.aop.aspectj.AspectJAfterThrowingAdvice.invoke(AspectJAfterThrowingAdvice.java:58)
	at org.springframework.aop.framework.ReflectiveMethodInvocation.proceed(ReflectiveMethodInvocation.java:179)
	at org.springframework.aop.interceptor.ExposeInvocationInterceptor.invoke(ExposeInvocationInterceptor.java:92)
	at org.springframework.aop.framework.ReflectiveMethodInvocation.proceed(ReflectiveMethodInvocation.java:179)
	at org.springframework.aop.framework.JdkDynamicAopProxy.invoke(JdkDynamicAopProxy.java:207)
	at com.sun.proxy.$Proxy38.doFind(Unknown Source)
	at org.bigtester.ate.model.page.page.MyWebElement.doAction(MyWebElement.java:93)
	at org.bigtester.ate.model.page.page.MyWebElement$$FastClassBySpringCGLIB$$a8e8452e.invoke(&lt;generated&gt;)
	at org.springframework.cglib.proxy.MethodProxy.invoke(MethodProxy.java:204)
	at org.springframework.aop.framework.CglibAopProxy$CglibMethodInvocation.invokeJoinpoint(CglibAopProxy.java:708)
	at org.springframework.aop.framework.ReflectiveMethodInvocation.proceed(ReflectiveMethodInvocation.java:157)
	at org.springframework.aop.aspectj.AspectJAfterThrowingAdvice.invoke(AspectJAfterThrowingAdvice.java:58)
	at org.springframework.aop.framework.ReflectiveMethodInvocation.proceed(ReflectiveMethodInvocation.java:179)
	at org.springframework.aop.aspectj.AspectJAfterThrowingAdvice.invoke(AspectJAfterThrowingAdvice.java:58)
	at org.springframework.aop.framework.ReflectiveMethodInvocation.proceed(ReflectiveMethodInvocation.java:179)
	at org.springframework.aop.interceptor.ExposeInvocationInterceptor.invoke(ExposeInvocationInterceptor.java:92)
	at org.springframework.aop.framework.ReflectiveMethodInvocation.proceed(ReflectiveMethodInvocation.java:179)
	at org.springframework.aop.framework.CglibAopProxy$DynamicAdvisedInterceptor.intercept(CglibAopProxy.java:644)
	at org.bigtester.ate.model.page.page.MyWebElement$$EnhancerBySpringCGLIB$$529f86c.doAction(&lt;generated&gt;)
	at org.bigtester.ate.model.casestep.ElementTestStep.doStep(ElementTestStep.java:64)
	... 70 more
	Suppressed: java.lang.Exception: Error Already Test Case Level Pointcut.
		at org.bigtester.ate.systemlogger.GenericTestCaseLogger.setAlreadyCasePointCut(GenericTestCaseLogger.java:79)
		at org.bigtester.ate.systemlogger.GenericTestCaseLogger.afterThrowingAdvice(GenericTestCaseLogger.java:109)
		at org.springframework.aop.aspectj.AbstractAspectJAdvice.invokeAdviceMethodWithGivenArgs(AbstractAspectJAdvice.java:621)
		at org.springframework.aop.aspectj.AbstractAspectJAdvice.invokeAdviceMethod(AbstractAspectJAdvice.java:603)
		at org.springframework.aop.aspectj.AspectJAfterThrowingAdvice.invoke(AspectJAfterThrowingAdvice.java:62)
		... 91 more
	Suppressed: java.lang.Exception: Error Already System Level Pointcut.
		at org.bigtester.ate.systemlogger.GenericSystemLogger.setAlreadySysPointCut(GenericSystemLogger.java:64)
		at org.bigtester.ate.systemlogger.GenericSystemLogger.afterThrowingAdvice(GenericSystemLogger.java:78)
		at org.springframework.aop.aspectj.AbstractAspectJAdvice.invokeAdviceMethodWithGivenArgs(AbstractAspectJAdvice.java:621)
		at org.springframework.aop.aspectj.AbstractAspectJAdvice.invokeAdviceMethod(AbstractAspectJAdvice.java:603)
		at org.springframework.aop.aspectj.AspectJAfterThrowingAdvice.invoke(AspectJAfterThrowingAdvice.java:62)
		... 89 more
Caused by: org.openqa.selenium.NoSuchElementException: Unable to locate element: {&quot;method&quot;:&quot;id&quot;,&quot;selector&quot;:&quot;modlgn_username&quot;}
For documentation on this error, please visit: http://seleniumhq.org/exceptions/no_such_element.html
Build info: version: &apos;2.43.1&apos;, revision: &apos;5163bceef1bc36d43f3dc0b83c88998168a363a0&apos;, time: &apos;2014-09-10 09:43:55&apos;
System info: host: &apos;ubuntu_file&apos;, ip: &apos;127.0.1.1&apos;, os.name: &apos;Linux&apos;, os.arch: &apos;amd64&apos;, os.version: &apos;3.13.0-39-generic&apos;, java.version: &apos;1.7.0_65&apos;
Driver info: driver.version: unknown
	at &lt;anonymous class&gt;.FirefoxDriver.prototype.findElementInternal_(file:///tmp/anonymous5283234524547307661webdriver-profile/extensions/fxdriver@googlecode.com/components/driver-component.js:9618:26)
	at &lt;anonymous class&gt;.FirefoxDriver.prototype.findElement(file:///tmp/anonymous5283234524547307661webdriver-profile/extensions/fxdriver@googlecode.com/components/driver-component.js:9627:3)
	at &lt;anonymous class&gt;.DelayedCommand.prototype.executeInternal_/h(file:///tmp/anonymous5283234524547307661webdriver-profile/extensions/fxdriver@googlecode.com/components/command-processor.js:11612:16)
	at &lt;anonymous class&gt;.DelayedCommand.prototype.executeInternal_(file:///tmp/anonymous5283234524547307661webdriver-profile/extensions/fxdriver@googlecode.com/components/command-processor.js:11617:7)
	at &lt;anonymous class&gt;.DelayedCommand.prototype.execute/&lt;(file:///tmp/anonymous5283234524547307661webdriver-profile/extensions/fxdriver@googlecode.com/components/command-processor.js:11559:5)
... Removed 49 stack frames</div></td></tr></table><p class="totop"><a href="#summary">back to summary</a></p></body></html>